<?xml version="1.0" encoding="UTF-8"?>
<!-- Generated by org.testng.reporters.JUnitReportReporter -->
<testsuite hostname="DESKTOP-032BQ8K" failures="0" tests="1" name="tests.WindowsHandlingTest" time="24.193" errors="0" timestamp="2022-09-21T13:42:47 IST" skipped="0">
  <testcase classname="tests.WindowsHandlingTest" name="mouseAcctionMovingAndClickingElement" time="24.193"/>
  <system-out/>
</testsuite> <!-- tests.WindowsHandlingTest -->
