<?xml version="1.0" encoding="UTF-8"?>
<!-- Generated by org.testng.reporters.JUnitReportReporter -->
<testsuite hostname="DESKTOP-032BQ8K" failures="0" tests="2" name="tests.AccountLoginTest" time="37.308" errors="0" timestamp="2022-09-20T18:18:19 IST" skipped="0">
  <testcase classname="tests.AccountLoginTest" name="accountLoginFunctionalityValidation" time="16.664"/>
  <system-out/>
  <testcase classname="tests.AccountLoginTest" name="accountLoginFunctionalityValidation" time="20.644"/>
  <system-out/>
</testsuite> <!-- tests.AccountLoginTest -->
