<?xml version="1.0" encoding="UTF-8"?>
<!-- Generated by org.testng.reporters.JUnitReportReporter -->
<testsuite hostname="DESKTOP-032BQ8K" failures="0" tests="1" name="tests.YourStoreTest" time="9.389" errors="0" timestamp="2022-09-20T18:18:19 IST" skipped="0">
  <testcase classname="tests.YourStoreTest" name="navigateToLoginPageValidation" time="9.389"/>
  <system-out/>
</testsuite> <!-- tests.YourStoreTest -->
