<?xml version="1.0" encoding="UTF-8"?>
<!-- Generated by org.testng.reporters.JUnitReportReporter -->
<testsuite hostname="DESKTOP-032BQ8K" failures="0" tests="1" name="tests.excel" time="1.473" errors="0" timestamp="2022-09-20T14:08:01 IST" skipped="0">
  <testcase classname="tests.excel" name="name" time="1.473"/>
  <system-out/>
</testsuite> <!-- tests.excel -->
