<?xml version="1.0" encoding="UTF-8"?>
<!-- Generated by org.testng.reporters.JUnitReportReporter -->
<testsuite hostname="DESKTOP-032BQ8K" failures="0" tests="2" name="tests.AccountLoginTest" time="35.151" errors="0" timestamp="2022-09-20T22:51:30 IST" skipped="0">
  <testcase classname="tests.AccountLoginTest" name="accountLoginFunctionalityValidation" time="17.527"/>
  <system-out/>
  <testcase classname="tests.AccountLoginTest" name="accountLoginFunctionalityValidation" time="17.624"/>
  <system-out/>
</testsuite> <!-- tests.AccountLoginTest -->
