<?xml version="1.0" encoding="UTF-8"?>
<!-- Generated by org.testng.reporters.JUnitReportReporter -->
<testsuite hostname="DESKTOP-032BQ8K" failures="0" tests="1" name="tests.MyAccountTest" time="47.529" errors="0" timestamp="2022-09-20T13:26:35 IST" skipped="0">
  <testcase classname="tests.MyAccountTest" name="MyAccountTitleValidation" time="47.529"/>
  <system-out/>
</testsuite> <!-- tests.MyAccountTest -->
