<?xml version="1.0" encoding="UTF-8"?>
<!-- Generated by org.testng.reporters.JUnitReportReporter -->
<testsuite hostname="DESKTOP-032BQ8K" failures="0" tests="2" name="tests.YourStoreTest" time="61.277" errors="0" timestamp="2022-09-20T13:26:35 IST" skipped="0">
  <testcase classname="tests.YourStoreTest" name="yourStoreTitleValidation" time="18.440"/>
  <system-out/>
  <testcase classname="tests.YourStoreTest" name="navigateToLoginPageValidation" time="42.837"/>
  <system-out/>
</testsuite> <!-- tests.YourStoreTest -->
