<?xml version="1.0" encoding="UTF-8"?>
<!-- Generated by org.testng.reporters.JUnitReportReporter -->
<testsuite hostname="DESKTOP-032BQ8K" failures="0" tests="2" name="tests.AccountLoginTest" time="38.159" errors="0" timestamp="2022-09-20T15:47:58 IST" skipped="0">
  <testcase classname="tests.AccountLoginTest" name="accountLoginFunctionalityValidation" time="21.380"/>
  <system-out/>
  <testcase classname="tests.AccountLoginTest" name="accountLoginFunctionalityValidation" time="16.779"/>
  <system-out/>
</testsuite> <!-- tests.AccountLoginTest -->
