<?xml version="1.0" encoding="UTF-8"?>
<!-- Generated by org.testng.reporters.JUnitReportReporter -->
<testsuite hostname="DESKTOP-032BQ8K" failures="0" tests="2" name="tests.AccountLoginTest" time="62.598" errors="0" timestamp="2022-09-20T13:26:35 IST" skipped="0">
  <testcase classname="tests.AccountLoginTest" name="accountLoginTitle" time="43.965"/>
  <system-out/>
  <testcase classname="tests.AccountLoginTest" name="accountLoginFunctionalityValidation" time="18.633"/>
  <system-out/>
</testsuite> <!-- tests.AccountLoginTest -->
