<?xml version="1.0" encoding="UTF-8"?>
<!-- Generated by org.testng.reporters.JUnitReportReporter -->
<testsuite hostname="DESKTOP-032BQ8K" failures="0" tests="2" name="tests.LoginTest" time="15.870" errors="0" timestamp="2022-09-19T21:29:50 IST" skipped="0">
  <testcase classname="tests.LoginTest" name="yourStoreTitleValidation" time="8.582"/>
  <system-out/>
  <testcase classname="tests.LoginTest" name="navigateToLoginPage" time="7.288"/>
  <system-out/>
</testsuite> <!-- tests.LoginTest -->
